  Compiling CUDA source file main.cu...
  
  C:\Users\erik\OneDrive - Ecole Polytechnique\m2-proba-finance-2019\CudaProgramming\PDE_Solver\PDE_Solver>"C:\Program Files\NVIDIA GPU Computing Toolkit\CUDA\v10.2\bin\nvcc.exe" -gencode=arch=compute_30,code=\"sm_30,compute_30\" --use-local-env -ccbin "C:\Program Files (x86)\Microsoft Visual Studio\2019\Community\VC\Tools\MSVC\14.21.27702\bin\HostX86\x64" -x cu  -I"C:\Program Files\NVIDIA GPU Computing Toolkit\CUDA\v10.2\include" -I"C:\Program Files\NVIDIA GPU Computing Toolkit\CUDA\v10.2\include"  -G   --keep-dir x64\Debug -maxrregcount=0  --machine 64 --compile -cudart static  -g   -DWIN32 -DWIN64 -D_DEBUG -D_CONSOLE -D_MBCS -Xcompiler "/EHsc /W3 /nologo /Od /Fdx64\Debug\vc142.pdb /FS /Zi /RTC1 /MDd " -o x64\Debug\main.cu.obj "C:\Users\erik\OneDrive - Ecole Polytechnique\m2-proba-finance-2019\CudaProgramming\PDE_Solver\PDE_Solver\main.cu" 
C:/Users/erik/OneDrive - Ecole Polytechnique/m2-proba-finance-2019/CudaProgramming/PDE_Solver/PDE_Solver/main.cu(181): warning : variable "bLp" was set but never used
  
C:/Users/erik/OneDrive - Ecole Polytechnique/m2-proba-finance-2019/CudaProgramming/PDE_Solver/PDE_Solver/main.cu(181): warning : variable "cLp" was set but never used
  
C:/Users/erik/OneDrive - Ecole Polytechnique/m2-proba-finance-2019/CudaProgramming/PDE_Solver/PDE_Solver/main.cu(181): warning : variable "yLp" was set but never used
  
C:/Users/erik/OneDrive - Ecole Polytechnique/m2-proba-finance-2019/CudaProgramming/PDE_Solver/PDE_Solver/main.cu(290): error : expected a ";"
  
C:/Users/erik/OneDrive - Ecole Polytechnique/m2-proba-finance-2019/CudaProgramming/PDE_Solver/PDE_Solver/main.cu(279): warning : variable "q_u" was declared but never referenced
  
C:/Users/erik/OneDrive - Ecole Polytechnique/m2-proba-finance-2019/CudaProgramming/PDE_Solver/PDE_Solver/main.cu(280): warning : variable "q_m" was declared but never referenced
  
C:/Users/erik/OneDrive - Ecole Polytechnique/m2-proba-finance-2019/CudaProgramming/PDE_Solver/PDE_Solver/main.cu(281): warning : variable "q_d" was declared but never referenced
  
C:/Users/erik/OneDrive - Ecole Polytechnique/m2-proba-finance-2019/CudaProgramming/PDE_Solver/PDE_Solver/main.cu(283): warning : variable "p_u" was declared but never referenced
  
C:/Users/erik/OneDrive - Ecole Polytechnique/m2-proba-finance-2019/CudaProgramming/PDE_Solver/PDE_Solver/main.cu(284): warning : variable "p_m" was declared but never referenced
  
C:/Users/erik/OneDrive - Ecole Polytechnique/m2-proba-finance-2019/CudaProgramming/PDE_Solver/PDE_Solver/main.cu(285): warning : variable "p_d" was declared but never referenced
  
C:/Users/erik/OneDrive - Ecole Polytechnique/m2-proba-finance-2019/CudaProgramming/PDE_Solver/PDE_Solver/main.cu(363): warning : variable "diff" was declared but never referenced
  
C:/Users/erik/OneDrive - Ecole Polytechnique/m2-proba-finance-2019/CudaProgramming/PDE_Solver/PDE_Solver/main.cu(17): warning : variable "state_dim" was declared but never referenced
  
C:/Users/erik/OneDrive - Ecole Polytechnique/m2-proba-finance-2019/CudaProgramming/PDE_Solver/PDE_Solver/main.cu(18): warning : variable "B" was declared but never referenced
  
C:/Users/erik/OneDrive - Ecole Polytechnique/m2-proba-finance-2019/CudaProgramming/PDE_Solver/PDE_Solver/main.cu(25): warning : variable "P1" was declared but never referenced
  
C:/Users/erik/OneDrive - Ecole Polytechnique/m2-proba-finance-2019/CudaProgramming/PDE_Solver/PDE_Solver/main.cu(26): warning : variable "P2" was declared but never referenced
  
  1 error detected in the compilation of "C:/Users/erik/AppData/Local/Temp/tmpxft_00003ff8_00000000-7_main.cpp1.ii".
  main.cu
C:\Program Files (x86)\Microsoft Visual Studio\2019\Community\MSBuild\Microsoft\VC\v160\BuildCustomizations\CUDA 10.2.targets(764,9): error MSB3721: The command ""C:\Program Files\NVIDIA GPU Computing Toolkit\CUDA\v10.2\bin\nvcc.exe" -gencode=arch=compute_30,code=\"sm_30,compute_30\" --use-local-env -ccbin "C:\Program Files (x86)\Microsoft Visual Studio\2019\Community\VC\Tools\MSVC\14.21.27702\bin\HostX86\x64" -x cu  -I"C:\Program Files\NVIDIA GPU Computing Toolkit\CUDA\v10.2\include" -I"C:\Program Files\NVIDIA GPU Computing Toolkit\CUDA\v10.2\include"  -G   --keep-dir x64\Debug -maxrregcount=0  --machine 64 --compile -cudart static  -g   -DWIN32 -DWIN64 -D_DEBUG -D_CONSOLE -D_MBCS -Xcompiler "/EHsc /W3 /nologo /Od /Fdx64\Debug\vc142.pdb /FS /Zi /RTC1 /MDd " -o x64\Debug\main.cu.obj "C:\Users\erik\OneDrive - Ecole Polytechnique\m2-proba-finance-2019\CudaProgramming\PDE_Solver\PDE_Solver\main.cu"" exited with code 1.
